Using pre-set license
Built from '2020.3/staging' branch; Version is '2020.3.6f1 (338bb68529b2) revision 3378102'; Using compiler version '192528614'; Build Type 'Release'
OS: 'Windows 10 Home Single Language; OS build 18363.1556; Version 1909; 64bit' Language: 'pt' Physical Memory: 8086 MB
BatchMode: 1, IsHumanControllingUs: 0, StartBugReporterOnCrash: 0, Is64bit: 1, IsPro: 0

 COMMAND LINE ARGUMENTS:
C:\Program Files\2020.3.6f1\Editor\Unity.exe
-adb2
-batchMode
-noUpm
-name
AssetImportWorker1
-projectPath
C:/Projetos/Pigeon-v.2/Android P
-logFile
Logs/AssetImportWorker1.log
-srvPort
59187
Successfully changed project path to: C:/Projetos/Pigeon-v.2/Android P
C:/Projetos/Pigeon-v.2/Android P
Using Asset Import Pipeline V2.
Refreshing native plugins compatible for Editor in 323.45 ms, found 1 plugins.
Preloading 0 native plugins for Editor in 0.00 ms.
Initialize engine version: 2020.3.6f1 (338bb68529b2)
[Subsystems] Discovering subsystems at path C:/Program Files/2020.3.6f1/Editor/Data/Resources/UnitySubsystems
[Subsystems] Discovering subsystems at path C:/Projetos/Pigeon-v.2/Android P/Assets
GfxDevice: creating device client; threaded=0
Direct3D:
    Version:  Direct3D 11.0 [level 11.0]
    Renderer: NVIDIA GeForce 920M (ID=0x1299)
    Vendor:   
    VRAM:     2009 MB
    Driver:   25.21.14.2531
Initialize mono
Mono path[0] = 'C:/Program Files/2020.3.6f1/Editor/Data/Managed'
Mono path[1] = 'C:/Program Files/2020.3.6f1/Editor/Data/MonoBleedingEdge/lib/mono/unityjit'
Mono config path = 'C:/Program Files/2020.3.6f1/Editor/Data/MonoBleedingEdge/etc'
Using monoOptions --debugger-agent=transport=dt_socket,embedding=1,server=y,suspend=n,address=127.0.0.1:56288
Begin MonoManager ReloadAssembly
Registering precompiled unity dll's ...
Register platform support module: C:/Program Files/2020.3.6f1/Editor/Data/PlaybackEngines/WindowsStandaloneSupport/UnityEditor.WindowsStandalone.Extensions.dll
Registered in 0.009492 seconds.
Native extension for WindowsStandalone target not found
Refreshing native plugins compatible for Editor in 170.67 ms, found 1 plugins.
Preloading 0 native plugins for Editor in 0.00 ms.
Mono: successfully reloaded assembly
- Completed reload, in  7.543 seconds
Platform modules already initialized, skipping
Registering precompiled user dll's ...
Registered in 0.003947 seconds.
Begin MonoManager ReloadAssembly
Native extension for WindowsStandalone target not found
Refreshing native plugins compatible for Editor in 176.40 ms, found 1 plugins.
Preloading 0 native plugins for Editor in 0.00 ms.
Mono: successfully reloaded assembly
- Completed reload, in  5.753 seconds
Platform modules already initialized, skipping
========================================================================
Worker process is ready to serve import requests
Launched and connected shader compiler UnityShaderCompiler.exe after 0.27 seconds
Refreshing native plugins compatible for Editor in 0.87 ms, found 1 plugins.
Preloading 0 native plugins for Editor in 0.00 ms.
Unloading 2135 Unused Serialized files (Serialized files now loaded: 0)
System memory in use before: 96.7 MB.
System memory in use after: 96.8 MB.

Unloading 33 unused Assets to reduce memory usage. Loaded Objects now: 2569.
Total: 20.142000 ms (FindLiveObjects: 3.005400 ms CreateObjectMapping: 0.328300 ms MarkObjects: 16.593400 ms  DeleteObjects: 0.211300 ms)

========================================================================
Received Import Request.
  path: ProjectSettings/TagManager.asset
  artifactKey: Guid(00000000000000003000000000000000) Importer(815301076,1909f56bfc062723c751e8b465ee728b)
Start importing ProjectSettings/TagManager.asset using Guid(00000000000000003000000000000000) Importer(815301076,1909f56bfc062723c751e8b465ee728b)  -> (artifact id: '5ff736e781c9396eb3a9ebe5d00f0cbb') in 0.392117 seconds
  Import took 0.414708 seconds .

========================================================================
Received Import Request.
  Time since last request: 25.346203 seconds.
  path: Assets/Prefab/Boss.prefab
  artifactKey: Guid(1d138da04adaeaa4a97f0b974f0ad109) Importer(815301076,1909f56bfc062723c751e8b465ee728b)
Start importing Assets/Prefab/Boss.prefab using Guid(1d138da04adaeaa4a97f0b974f0ad109) Importer(815301076,1909f56bfc062723c751e8b465ee728b)  -> (artifact id: '7fc82a8eb9957523f18c58d252e0d6e7') in 1.003521 seconds
  Import took 1.038247 seconds .

========================================================================
Received Import Request.
  Time since last request: 0.000353 seconds.
  path: Assets/Prefab/BossRoom.prefab
  artifactKey: Guid(0eff83d38ec297946853fd4cd6255b6e) Importer(815301076,1909f56bfc062723c751e8b465ee728b)
Start importing Assets/Prefab/BossRoom.prefab using Guid(0eff83d38ec297946853fd4cd6255b6e) Importer(815301076,1909f56bfc062723c751e8b465ee728b)  -> (artifact id: '8bb190d79a6d4645ecb25e2c855a8e7c') in 0.224714 seconds
  Import took 0.250407 seconds .

========================================================================
Received Import Request.
  Time since last request: 0.000365 seconds.
  path: Assets/Prefab/Player.prefab
  artifactKey: Guid(3bf421195c5945840812853a988d85b9) Importer(815301076,1909f56bfc062723c751e8b465ee728b)
Start importing Assets/Prefab/Player.prefab using Guid(3bf421195c5945840812853a988d85b9) Importer(815301076,1909f56bfc062723c751e8b465ee728b)  -> (artifact id: '3cb76653b191ce58efecb56e53f084f3') in 0.380665 seconds
  Import took 0.460251 seconds .

========================================================================
Received Import Request.
  Time since last request: 0.000479 seconds.
  path: Assets/Prefab/Portal.prefab
  artifactKey: Guid(3a14de81831c34c4392b2f1ccfa9d5bd) Importer(815301076,1909f56bfc062723c751e8b465ee728b)
Start importing Assets/Prefab/Portal.prefab using Guid(3a14de81831c34c4392b2f1ccfa9d5bd) Importer(815301076,1909f56bfc062723c751e8b465ee728b)  -> (artifact id: 'e515fdde2e5baa1211e0ad8082b3f53d') in 0.206763 seconds
  Import took 0.427948 seconds .

========================================================================
Received Import Request.
  Time since last request: 0.000329 seconds.
  path: Assets/Prefab/Flash.prefab
  artifactKey: Guid(85bad4ae6ad858a4a9c297affc382c48) Importer(815301076,1909f56bfc062723c751e8b465ee728b)
Start importing Assets/Prefab/Flash.prefab using Guid(85bad4ae6ad858a4a9c297affc382c48) Importer(815301076,1909f56bfc062723c751e8b465ee728b)  -> (artifact id: 'b54cec846439f49d06c61ea94b65aeb0') in 0.227922 seconds
  Import took 0.247525 seconds .

========================================================================
Received Import Request.
  Time since last request: 0.000837 seconds.
  path: Assets/Prefab/NextLevelCanvas.prefab
  artifactKey: Guid(4a32582cfa67c52458c307208e5a9bce) Importer(815301076,1909f56bfc062723c751e8b465ee728b)
Start importing Assets/Prefab/NextLevelCanvas.prefab using Guid(4a32582cfa67c52458c307208e5a9bce) Importer(815301076,1909f56bfc062723c751e8b465ee728b)  -> (artifact id: '5e6c27482080977b3b0fa5c1df39cf89') in 0.692275 seconds
  Import took 0.750503 seconds .

========================================================================
Received Import Request.
  Time since last request: 0.000323 seconds.
  path: Assets/Prefab/GameOverCanvas.prefab
  artifactKey: Guid(95d5a70d5f609f24581030ccea188202) Importer(815301076,1909f56bfc062723c751e8b465ee728b)
Start importing Assets/Prefab/GameOverCanvas.prefab using Guid(95d5a70d5f609f24581030ccea188202) Importer(815301076,1909f56bfc062723c751e8b465ee728b)  -> (artifact id: 'ebb54188c8b7bdc3ce1730dab3afb087') in 0.126655 seconds
  Import took 0.236701 seconds .

========================================================================
Received Import Request.
  Time since last request: 12.249707 seconds.
  path: Assets/Prefab/Flash.prefab
  artifactKey: Guid(85bad4ae6ad858a4a9c297affc382c48) Importer(815301076,1909f56bfc062723c751e8b465ee728b)
Start importing Assets/Prefab/Flash.prefab using Guid(85bad4ae6ad858a4a9c297affc382c48) Importer(815301076,1909f56bfc062723c751e8b465ee728b)  -> (artifact id: '9248234b5e4b8e843eddedfddb2ed2b4') in 0.100269 seconds
  Import took 0.171455 seconds .

========================================================================
Received Import Request.
  Time since last request: 14.243273 seconds.
  path: Assets/Prefab/Boss.prefab
  artifactKey: Guid(1d138da04adaeaa4a97f0b974f0ad109) Importer(815301076,1909f56bfc062723c751e8b465ee728b)
Start importing Assets/Prefab/Boss.prefab using Guid(1d138da04adaeaa4a97f0b974f0ad109) Importer(815301076,1909f56bfc062723c751e8b465ee728b)  -> (artifact id: '091e1db8247b343f8f26e17d617bcedd') in 0.150179 seconds
  Import took 0.182092 seconds .

========================================================================
Received Import Request.
  Time since last request: 0.000590 seconds.
  path: Assets/Prefab/BossRoom.prefab
  artifactKey: Guid(0eff83d38ec297946853fd4cd6255b6e) Importer(815301076,1909f56bfc062723c751e8b465ee728b)
Start importing Assets/Prefab/BossRoom.prefab using Guid(0eff83d38ec297946853fd4cd6255b6e) Importer(815301076,1909f56bfc062723c751e8b465ee728b)  -> (artifact id: 'a269696a310201910f2c26c4c1607dfd') in 0.169648 seconds
  Import took 0.214845 seconds .

========================================================================
Received Import Request.
  Time since last request: 9.591179 seconds.
  path: Assets/Prefab/Boss.prefab
  artifactKey: Guid(1d138da04adaeaa4a97f0b974f0ad109) Importer(815301076,1909f56bfc062723c751e8b465ee728b)
Start importing Assets/Prefab/Boss.prefab using Guid(1d138da04adaeaa4a97f0b974f0ad109) Importer(815301076,1909f56bfc062723c751e8b465ee728b)  -> (artifact id: '14ee1e62713beabe53a3b9ac2c378c9c') in 0.334480 seconds
  Import took 0.431797 seconds .

========================================================================
Received Import Request.
  Time since last request: 0.000495 seconds.
  path: Assets/Prefab/BossRoom.prefab
  artifactKey: Guid(0eff83d38ec297946853fd4cd6255b6e) Importer(815301076,1909f56bfc062723c751e8b465ee728b)
Start importing Assets/Prefab/BossRoom.prefab using Guid(0eff83d38ec297946853fd4cd6255b6e) Importer(815301076,1909f56bfc062723c751e8b465ee728b)  -> (artifact id: 'b4776d60751a3b8099819bfb5c986873') in 0.238171 seconds
  Import took 0.260966 seconds .

========================================================================
Received Import Request.
  Time since last request: 3.042977 seconds.
  path: Assets/Prefab/Boss.prefab
  artifactKey: Guid(1d138da04adaeaa4a97f0b974f0ad109) Importer(815301076,1909f56bfc062723c751e8b465ee728b)
Start importing Assets/Prefab/Boss.prefab using Guid(1d138da04adaeaa4a97f0b974f0ad109) Importer(815301076,1909f56bfc062723c751e8b465ee728b)  -> (artifact id: '2e8f2fa719c9699a839cdd231a7a8968') in 0.221211 seconds
  Import took 0.394903 seconds .

========================================================================
Received Import Request.
  Time since last request: 0.000291 seconds.
  path: Assets/Prefab/BossRoom.prefab
  artifactKey: Guid(0eff83d38ec297946853fd4cd6255b6e) Importer(815301076,1909f56bfc062723c751e8b465ee728b)
Start importing Assets/Prefab/BossRoom.prefab using Guid(0eff83d38ec297946853fd4cd6255b6e) Importer(815301076,1909f56bfc062723c751e8b465ee728b)  -> (artifact id: '6de8029a8e7b2b28d339d2e99270c182') in 0.808822 seconds
  Import took 0.858507 seconds .

========================================================================
Received Import Request.
  Time since last request: 8.425088 seconds.
  path: Assets/Prefab/Boss.prefab
  artifactKey: Guid(1d138da04adaeaa4a97f0b974f0ad109) Importer(815301076,1909f56bfc062723c751e8b465ee728b)
Start importing Assets/Prefab/Boss.prefab using Guid(1d138da04adaeaa4a97f0b974f0ad109) Importer(815301076,1909f56bfc062723c751e8b465ee728b)  -> (artifact id: '501d8b60e0181fd6bd568dc223ed8a04') in 0.115721 seconds
  Import took 0.138810 seconds .

========================================================================
Received Import Request.
  Time since last request: 0.000337 seconds.
  path: Assets/Prefab/BossRoom.prefab
  artifactKey: Guid(0eff83d38ec297946853fd4cd6255b6e) Importer(815301076,1909f56bfc062723c751e8b465ee728b)
Start importing Assets/Prefab/BossRoom.prefab using Guid(0eff83d38ec297946853fd4cd6255b6e) Importer(815301076,1909f56bfc062723c751e8b465ee728b)  -> (artifact id: 'bd1260643a58b91087828d97f9c730d1') in 0.329770 seconds
  Import took 0.368713 seconds .

========================================================================
Received Import Request.
  Time since last request: 9.163286 seconds.
  path: Assets/Prefab/Boss.prefab
  artifactKey: Guid(1d138da04adaeaa4a97f0b974f0ad109) Importer(815301076,1909f56bfc062723c751e8b465ee728b)
Start importing Assets/Prefab/Boss.prefab using Guid(1d138da04adaeaa4a97f0b974f0ad109) Importer(815301076,1909f56bfc062723c751e8b465ee728b)  -> (artifact id: 'eb1d61e2f1f0dcbfcd1de4a0becedaa1') in 0.258543 seconds
  Import took 0.483780 seconds .

========================================================================
Received Import Request.
  Time since last request: 0.000609 seconds.
  path: Assets/Prefab/BossRoom.prefab
  artifactKey: Guid(0eff83d38ec297946853fd4cd6255b6e) Importer(815301076,1909f56bfc062723c751e8b465ee728b)
Start importing Assets/Prefab/BossRoom.prefab using Guid(0eff83d38ec297946853fd4cd6255b6e) Importer(815301076,1909f56bfc062723c751e8b465ee728b)  -> (artifact id: '7a7cdf4aad32a9c6f1564718dc494bd3') in 0.108320 seconds
  Import took 0.293962 seconds .

========================================================================
Received Import Request.
  Time since last request: 14.622331 seconds.
  path: Assets/Prefab/Boss.prefab
  artifactKey: Guid(1d138da04adaeaa4a97f0b974f0ad109) Importer(815301076,1909f56bfc062723c751e8b465ee728b)
Start importing Assets/Prefab/Boss.prefab using Guid(1d138da04adaeaa4a97f0b974f0ad109) Importer(815301076,1909f56bfc062723c751e8b465ee728b)  -> (artifact id: '9eab6ccc77abef036d9d023d389b3c6d') in 0.250329 seconds
  Import took 0.390319 seconds .

========================================================================
Received Import Request.
  Time since last request: 0.005916 seconds.
  path: Assets/Prefab/BossRoom.prefab
  artifactKey: Guid(0eff83d38ec297946853fd4cd6255b6e) Importer(815301076,1909f56bfc062723c751e8b465ee728b)
Start importing Assets/Prefab/BossRoom.prefab using Guid(0eff83d38ec297946853fd4cd6255b6e) Importer(815301076,1909f56bfc062723c751e8b465ee728b)  -> (artifact id: '0d692fb6d584feb9cf87bb458e299fe1') in 0.173250 seconds
  Import took 0.188472 seconds .

========================================================================
Received Import Request.
  Time since last request: 5.916542 seconds.
  path: Assets/Prefab/Boss.prefab
  artifactKey: Guid(1d138da04adaeaa4a97f0b974f0ad109) Importer(815301076,1909f56bfc062723c751e8b465ee728b)
Start importing Assets/Prefab/Boss.prefab using Guid(1d138da04adaeaa4a97f0b974f0ad109) Importer(815301076,1909f56bfc062723c751e8b465ee728b)  -> (artifact id: '084df934cf6125b74b6d3b50f30f5566') in 0.099040 seconds
  Import took 0.141632 seconds .

========================================================================
Received Import Request.
  Time since last request: 0.000517 seconds.
  path: Assets/Prefab/BossRoom.prefab
  artifactKey: Guid(0eff83d38ec297946853fd4cd6255b6e) Importer(815301076,1909f56bfc062723c751e8b465ee728b)
Start importing Assets/Prefab/BossRoom.prefab using Guid(0eff83d38ec297946853fd4cd6255b6e) Importer(815301076,1909f56bfc062723c751e8b465ee728b)  -> (artifact id: '8c94cf64b94e2c01e0a21a67030bab67') in 0.164399 seconds
  Import took 0.183799 seconds .

========================================================================
Received Import Request.
  Time since last request: 0.001036 seconds.
  path: Assets/Prefab/Portal.prefab
  artifactKey: Guid(3a14de81831c34c4392b2f1ccfa9d5bd) Importer(815301076,1909f56bfc062723c751e8b465ee728b)
Start importing Assets/Prefab/Portal.prefab using Guid(3a14de81831c34c4392b2f1ccfa9d5bd) Importer(815301076,1909f56bfc062723c751e8b465ee728b)  -> (artifact id: '77c789d8cf8323c70a0cd8e69291e1b1') in 0.287413 seconds
  Import took 0.310747 seconds .

========================================================================
Received Import Request.
  Time since last request: 9.606466 seconds.
  path: Assets/Prefab/Player.prefab
  artifactKey: Guid(3bf421195c5945840812853a988d85b9) Importer(815301076,1909f56bfc062723c751e8b465ee728b)
Start importing Assets/Prefab/Player.prefab using Guid(3bf421195c5945840812853a988d85b9) Importer(815301076,1909f56bfc062723c751e8b465ee728b)  -> (artifact id: 'fb03f5ffaacb18a87d65e37302ed6299') in 0.556413 seconds
  Import took 0.625213 seconds .

========================================================================
Received Import Request.
  Time since last request: 13.050065 seconds.
  path: Assets/Prefab/UI
  artifactKey: Guid(1dc44d71a4c70bc40969e9f77dfec1dd) Importer(815301076,1909f56bfc062723c751e8b465ee728b)
Start importing Assets/Prefab/UI using Guid(1dc44d71a4c70bc40969e9f77dfec1dd) Importer(815301076,1909f56bfc062723c751e8b465ee728b)  -> (artifact id: '41708afefbe1733302c10e0e68486672') in 0.039670 seconds
  Import took 0.125242 seconds .

========================================================================
Received Import Request.
  Time since last request: 0.000324 seconds.
  path: Assets/Prefab/UI/ControleVirtual.prefab
  artifactKey: Guid(49e22cc749929ea4fa93cf0981695bf5) Importer(815301076,1909f56bfc062723c751e8b465ee728b)
Start importing Assets/Prefab/UI/ControleVirtual.prefab using Guid(49e22cc749929ea4fa93cf0981695bf5) Importer(815301076,1909f56bfc062723c751e8b465ee728b)  -> (artifact id: '9fd0a7f0f49f8973cf88fd8c17ae324a') in 0.114133 seconds
  Import took 0.192603 seconds .

========================================================================
Received Import Request.
  Time since last request: 34.332845 seconds.
  path: Assets/Prefab/Levels/Map1.prefab
  artifactKey: Guid(36588af98954b5f4883c40f981ee7f78) Importer(815301076,1909f56bfc062723c751e8b465ee728b)
Start importing Assets/Prefab/Levels/Map1.prefab using Guid(36588af98954b5f4883c40f981ee7f78) Importer(815301076,1909f56bfc062723c751e8b465ee728b)  -> (artifact id: '783c3ba4e3ad9b1c34eb3d54ae3a748e') in 0.043019 seconds
  Import took 0.075719 seconds .

========================================================================
Received Import Request.
  Time since last request: 0.000392 seconds.
  path: Assets/Prefab/Levels/Map6.prefab
  artifactKey: Guid(a154e0904ba42bf4bad4089ee540a833) Importer(815301076,1909f56bfc062723c751e8b465ee728b)
Start importing Assets/Prefab/Levels/Map6.prefab using Guid(a154e0904ba42bf4bad4089ee540a833) Importer(815301076,1909f56bfc062723c751e8b465ee728b)  -> (artifact id: 'e858a95cb94da699a3ecb5e828f040ca') in 0.097759 seconds
  Import took 0.122531 seconds .

========================================================================
Received Import Request.
  Time since last request: 0.000669 seconds.
  path: Assets/Prefab/Levels/Map2.prefab
  artifactKey: Guid(1bb778718b0b40542b3cac1161104a96) Importer(815301076,1909f56bfc062723c751e8b465ee728b)
Start importing Assets/Prefab/Levels/Map2.prefab using Guid(1bb778718b0b40542b3cac1161104a96) Importer(815301076,1909f56bfc062723c751e8b465ee728b)  -> (artifact id: '3a8b8f234ad813673676c4b87a2a2104') in 0.100005 seconds
  Import took 0.125291 seconds .

========================================================================
Received Import Request.
  Time since last request: 0.000751 seconds.
  path: Assets/Prefab/Levels/Map3.prefab
  artifactKey: Guid(e715c8e38177eb24bbb9910bd129cdde) Importer(815301076,1909f56bfc062723c751e8b465ee728b)
Start importing Assets/Prefab/Levels/Map3.prefab using Guid(e715c8e38177eb24bbb9910bd129cdde) Importer(815301076,1909f56bfc062723c751e8b465ee728b)  -> (artifact id: '7e22ad71fe2fab1aaeec79ce6782aa27') in 0.096577 seconds
  Import took 0.117883 seconds .

========================================================================
Received Import Request.
  Time since last request: 0.000502 seconds.
  path: Assets/Prefab/Levels/Map5.prefab
  artifactKey: Guid(2aaccd4d33b32fc41b62bffd2e768310) Importer(815301076,1909f56bfc062723c751e8b465ee728b)
Start importing Assets/Prefab/Levels/Map5.prefab using Guid(2aaccd4d33b32fc41b62bffd2e768310) Importer(815301076,1909f56bfc062723c751e8b465ee728b)  -> (artifact id: 'e00ccca18bc13280f4fa34f1eea9c6cf') in 0.084584 seconds
  Import took 0.108823 seconds .

========================================================================
Received Import Request.
  Time since last request: 0.000314 seconds.
  path: Assets/Prefab/Levels/Map7.prefab
  artifactKey: Guid(4a05142a4828c6041a381f1b085d7d04) Importer(815301076,1909f56bfc062723c751e8b465ee728b)
Start importing Assets/Prefab/Levels/Map7.prefab using Guid(4a05142a4828c6041a381f1b085d7d04) Importer(815301076,1909f56bfc062723c751e8b465ee728b)  -> (artifact id: '2f22c05f4dc8e833354bac3b17607201') in 0.098756 seconds
  Import took 0.115777 seconds .

========================================================================
Received Import Request.
  Time since last request: 0.000594 seconds.
  path: Assets/Prefab/Levels/Map4.prefab
  artifactKey: Guid(bfe493ecab9b3284ba61aef59a3ac372) Importer(815301076,1909f56bfc062723c751e8b465ee728b)
Start importing Assets/Prefab/Levels/Map4.prefab using Guid(bfe493ecab9b3284ba61aef59a3ac372) Importer(815301076,1909f56bfc062723c751e8b465ee728b)  -> (artifact id: '52ca490363c0c0a6e0857baed781dcfe') in 0.074238 seconds
  Import took 0.102629 seconds .

========================================================================
Received Import Request.
  Time since last request: 0.428790 seconds.
  path: Assets/Prefab/Sounds/AudioManager.prefab
  artifactKey: Guid(c9f48e1e663bd3a46b8bcf544d98f1d9) Importer(815301076,1909f56bfc062723c751e8b465ee728b)
Start importing Assets/Prefab/Sounds/AudioManager.prefab using Guid(c9f48e1e663bd3a46b8bcf544d98f1d9) Importer(815301076,1909f56bfc062723c751e8b465ee728b)  -> (artifact id: '60de726171c23e7c4a41b2ac6807e2ec') in 0.048103 seconds
  Import took 0.064376 seconds .

========================================================================
Received Import Request.
  Time since last request: 1.814192 seconds.
  path: Assets/Prefab/MapConfig/Background.prefab
  artifactKey: Guid(30537cc239cfaf946b35e446b59a80d2) Importer(815301076,1909f56bfc062723c751e8b465ee728b)
Start importing Assets/Prefab/MapConfig/Background.prefab using Guid(30537cc239cfaf946b35e446b59a80d2) Importer(815301076,1909f56bfc062723c751e8b465ee728b)  -> (artifact id: 'f277f73e328f1cbaf48afc5eba058e12') in 0.093672 seconds
  Import took 0.143074 seconds .

========================================================================
Received Import Request.
  Time since last request: 0.000642 seconds.
  path: Assets/Prefab/MapConfig/MapGen.prefab
  artifactKey: Guid(3c5f5d28acd592349847650aa455a6bc) Importer(815301076,1909f56bfc062723c751e8b465ee728b)
Start importing Assets/Prefab/MapConfig/MapGen.prefab using Guid(3c5f5d28acd592349847650aa455a6bc) Importer(815301076,1909f56bfc062723c751e8b465ee728b)  -> (artifact id: 'd6566341a97ff769dc44d91154d1eb25') in 0.269827 seconds
  Import took 0.420190 seconds .

========================================================================
Received Import Request.
  Time since last request: 8.972333 seconds.
  path: Assets/Prefab/Levels/Map1.prefab
  artifactKey: Guid(36588af98954b5f4883c40f981ee7f78) Importer(815301076,1909f56bfc062723c751e8b465ee728b)
Start importing Assets/Prefab/Levels/Map1.prefab using Guid(36588af98954b5f4883c40f981ee7f78) Importer(815301076,1909f56bfc062723c751e8b465ee728b)  -> (artifact id: 'b0845b0b9ad10825d0393381ec7ab597') in 0.975910 seconds
  Import took 1.112508 seconds .

========================================================================
Received Import Request.
  Time since last request: 2.933477 seconds.
  path: Assets/Prefab/Levels/Map1.prefab
  artifactKey: Guid(36588af98954b5f4883c40f981ee7f78) Importer(815301076,1909f56bfc062723c751e8b465ee728b)
Start importing Assets/Prefab/Levels/Map1.prefab using Guid(36588af98954b5f4883c40f981ee7f78) Importer(815301076,1909f56bfc062723c751e8b465ee728b)  -> (artifact id: '4dd0f3f3128cac5c868e09211e15d6f8') in 0.078192 seconds
  Import took 0.123389 seconds .

========================================================================
Received Import Request.
  Time since last request: 14.968588 seconds.
  path: Assets/Prefab/Levels/Map2.prefab
  artifactKey: Guid(1bb778718b0b40542b3cac1161104a96) Importer(815301076,1909f56bfc062723c751e8b465ee728b)
Start importing Assets/Prefab/Levels/Map2.prefab using Guid(1bb778718b0b40542b3cac1161104a96) Importer(815301076,1909f56bfc062723c751e8b465ee728b)  -> (artifact id: 'ccaa496c10fef00f08a79a5e7d9c13d8') in 0.117999 seconds
  Import took 0.477627 seconds .

========================================================================
Received Import Request.
  Time since last request: 7.296176 seconds.
  path: Assets/Prefab/Levels/Map3.prefab
  artifactKey: Guid(e715c8e38177eb24bbb9910bd129cdde) Importer(815301076,1909f56bfc062723c751e8b465ee728b)
Start importing Assets/Prefab/Levels/Map3.prefab using Guid(e715c8e38177eb24bbb9910bd129cdde) Importer(815301076,1909f56bfc062723c751e8b465ee728b)  -> (artifact id: 'f8fa2e681618b7c794938f7a6658e6dc') in 0.193247 seconds
  Import took 0.228947 seconds .

========================================================================
Received Import Request.
  Time since last request: 5.709589 seconds.
  path: Assets/Prefab/Levels/Map4.prefab
  artifactKey: Guid(bfe493ecab9b3284ba61aef59a3ac372) Importer(815301076,1909f56bfc062723c751e8b465ee728b)
Start importing Assets/Prefab/Levels/Map4.prefab using Guid(bfe493ecab9b3284ba61aef59a3ac372) Importer(815301076,1909f56bfc062723c751e8b465ee728b)  -> (artifact id: 'd2c809d0e3469ed7366e5919cc12b835') in 0.109235 seconds
  Import took 0.200272 seconds .

========================================================================
Received Import Request.
  Time since last request: 5.756358 seconds.
  path: Assets/Prefab/Levels/Map5.prefab
  artifactKey: Guid(2aaccd4d33b32fc41b62bffd2e768310) Importer(815301076,1909f56bfc062723c751e8b465ee728b)
Start importing Assets/Prefab/Levels/Map5.prefab using Guid(2aaccd4d33b32fc41b62bffd2e768310) Importer(815301076,1909f56bfc062723c751e8b465ee728b)  -> (artifact id: '1607fbea48abf6b8c805e23a16c6b755') in 0.388983 seconds
  Import took 0.616925 seconds .

========================================================================
Received Import Request.
  Time since last request: 6.723916 seconds.
  path: Assets/Prefab/Levels/Map6.prefab
  artifactKey: Guid(a154e0904ba42bf4bad4089ee540a833) Importer(815301076,1909f56bfc062723c751e8b465ee728b)
Start importing Assets/Prefab/Levels/Map6.prefab using Guid(a154e0904ba42bf4bad4089ee540a833) Importer(815301076,1909f56bfc062723c751e8b465ee728b)  -> (artifact id: '54f235a2be27ddffa44ded2af0370e7f') in 0.171643 seconds
  Import took 0.236004 seconds .

========================================================================
Received Import Request.
  Time since last request: 7.391640 seconds.
  path: Assets/Prefab/Levels/Map7.prefab
  artifactKey: Guid(4a05142a4828c6041a381f1b085d7d04) Importer(815301076,1909f56bfc062723c751e8b465ee728b)
Start importing Assets/Prefab/Levels/Map7.prefab using Guid(4a05142a4828c6041a381f1b085d7d04) Importer(815301076,1909f56bfc062723c751e8b465ee728b)  -> (artifact id: '8f254c706c3d8ef7ccce41cb76f25bf5') in 0.173889 seconds
  Import took 0.314009 seconds .

========================================================================
Received Import Request.
  Time since last request: 4.076234 seconds.
  path: Assets/Prefab/levelObj/Obj1.prefab
  artifactKey: Guid(a46624d152a34a94bb99fba09ad267dc) Importer(815301076,1909f56bfc062723c751e8b465ee728b)
Start importing Assets/Prefab/levelObj/Obj1.prefab using Guid(a46624d152a34a94bb99fba09ad267dc) Importer(815301076,1909f56bfc062723c751e8b465ee728b)  -> (artifact id: 'e6026494e4254a8fb1395a0491f236ef') in 0.195524 seconds
  Import took 0.219647 seconds .

========================================================================
Received Import Request.
  Time since last request: 0.006074 seconds.
  path: Assets/Prefab/levelObj/Obj2.prefab
  artifactKey: Guid(80608604df6fc3140b5bd70feed389bc) Importer(815301076,1909f56bfc062723c751e8b465ee728b)
Start importing Assets/Prefab/levelObj/Obj2.prefab using Guid(80608604df6fc3140b5bd70feed389bc) Importer(815301076,1909f56bfc062723c751e8b465ee728b)  -> (artifact id: '1182c2d04c451d31ecd62d933f472782') in 0.228087 seconds
  Import took 0.255969 seconds .

========================================================================
Received Import Request.
  Time since last request: 0.001075 seconds.
  path: Assets/Prefab/levelObj/Obj7.prefab
  artifactKey: Guid(269a653c14881ae4fad701cdb58c44aa) Importer(815301076,1909f56bfc062723c751e8b465ee728b)
Start importing Assets/Prefab/levelObj/Obj7.prefab using Guid(269a653c14881ae4fad701cdb58c44aa) Importer(815301076,1909f56bfc062723c751e8b465ee728b)  -> (artifact id: '17b9f4b8267bed65fb5e5941424a41aa') in 0.184166 seconds
  Import took 0.323915 seconds .

========================================================================
Received Import Request.
  Time since last request: 0.090166 seconds.
  path: Assets/Prefab/levelObj/Obj3.prefab
  artifactKey: Guid(d69928ed80434024b85f2d3560383092) Importer(815301076,1909f56bfc062723c751e8b465ee728b)
Start importing Assets/Prefab/levelObj/Obj3.prefab using Guid(d69928ed80434024b85f2d3560383092) Importer(815301076,1909f56bfc062723c751e8b465ee728b)  -> (artifact id: '81d4c92764d136433bf13632e7023e5f') in 0.043195 seconds
  Import took 0.079313 seconds .

========================================================================
Received Import Request.
  Time since last request: 0.002254 seconds.
  path: Assets/Prefab/levelObj/Obj5.prefab
  artifactKey: Guid(7dc82c95400724247b69c72c0e17eb31) Importer(815301076,1909f56bfc062723c751e8b465ee728b)
Start importing Assets/Prefab/levelObj/Obj5.prefab using Guid(7dc82c95400724247b69c72c0e17eb31) Importer(815301076,1909f56bfc062723c751e8b465ee728b)  -> (artifact id: 'fc633fed65af893f2dc7791a2f8b30d7') in 0.348962 seconds
  Import took 0.391454 seconds .

========================================================================
Received Import Request.
  Time since last request: 0.000603 seconds.
  path: Assets/Prefab/levelObj/Obj6.prefab
  artifactKey: Guid(30733ea58809f204295cc476ef33ed43) Importer(815301076,1909f56bfc062723c751e8b465ee728b)
Start importing Assets/Prefab/levelObj/Obj6.prefab using Guid(30733ea58809f204295cc476ef33ed43) Importer(815301076,1909f56bfc062723c751e8b465ee728b)  -> (artifact id: '3adf4251ed09416c26abda4552af13a6') in 0.638716 seconds
  Import took 0.762765 seconds .

========================================================================
Received Import Request.
  Time since last request: 0.111728 seconds.
  path: Assets/Prefab/levelObj/Void.prefab
  artifactKey: Guid(c83730a875a9d024ea8b0aa69733fb01) Importer(815301076,1909f56bfc062723c751e8b465ee728b)
Start importing Assets/Prefab/levelObj/Void.prefab using Guid(c83730a875a9d024ea8b0aa69733fb01) Importer(815301076,1909f56bfc062723c751e8b465ee728b)  -> (artifact id: 'a59f8ba69cb6a784aec0ba16eceec13d') in 0.057727 seconds
  Import took 0.445016 seconds .

========================================================================
Received Import Request.
  Time since last request: 0.002168 seconds.
  path: Assets/Prefab/levelObj/Obj4.prefab
  artifactKey: Guid(4384ceb18efaa4d4d99f896090588f07) Importer(815301076,1909f56bfc062723c751e8b465ee728b)
Start importing Assets/Prefab/levelObj/Obj4.prefab using Guid(4384ceb18efaa4d4d99f896090588f07) Importer(815301076,1909f56bfc062723c751e8b465ee728b)  -> (artifact id: '016748576e52ad52a4b222c91732dcaa') in 0.092014 seconds
  Import took 0.129395 seconds .

========================================================================
Received Import Request.
  Time since last request: 0.000401 seconds.
  path: Assets/Prefab/levelObj/Obj8.prefab
  artifactKey: Guid(949bd80a20dc9d247afee51e71b7b5e0) Importer(815301076,1909f56bfc062723c751e8b465ee728b)
Start importing Assets/Prefab/levelObj/Obj8.prefab using Guid(949bd80a20dc9d247afee51e71b7b5e0) Importer(815301076,1909f56bfc062723c751e8b465ee728b)  -> (artifact id: '784765547f084acf322233b0b5132a7d') in 0.390629 seconds
  Import took 0.450013 seconds .

========================================================================
Received Import Request.
  Time since last request: 0.000344 seconds.
  path: Assets/Prefab/Enemy/Roomba.prefab
  artifactKey: Guid(e4934c04992c8b143a5835adef45037a) Importer(815301076,1909f56bfc062723c751e8b465ee728b)
Start importing Assets/Prefab/Enemy/Roomba.prefab using Guid(e4934c04992c8b143a5835adef45037a) Importer(815301076,1909f56bfc062723c751e8b465ee728b)  -> (artifact id: '1f393eac70e81fb3375edfb15299f338') in 0.444219 seconds
  Import took 0.468505 seconds .

========================================================================
Received Import Request.
  Time since last request: 0.000377 seconds.
  path: Assets/Prefab/Enemy/Turret.prefab
  artifactKey: Guid(ead60187cda6741479ea090576538efe) Importer(815301076,1909f56bfc062723c751e8b465ee728b)
Start importing Assets/Prefab/Enemy/Turret.prefab using Guid(ead60187cda6741479ea090576538efe) Importer(815301076,1909f56bfc062723c751e8b465ee728b)  -> (artifact id: '9664a752cd612b8a9fe61f7783c6f239') in 0.145865 seconds
  Import took 0.544015 seconds .

========================================================================
Received Import Request.
  Time since last request: 17.467286 seconds.
  path: Assets/Prefab/Enemy/Roomba.prefab
  artifactKey: Guid(e4934c04992c8b143a5835adef45037a) Importer(815301076,1909f56bfc062723c751e8b465ee728b)
Start importing Assets/Prefab/Enemy/Roomba.prefab using Guid(e4934c04992c8b143a5835adef45037a) Importer(815301076,1909f56bfc062723c751e8b465ee728b)  -> (artifact id: '9f5c822b2c6e1ea329ab60e4a96bbe98') in 0.785866 seconds
  Import took 0.862910 seconds .

========================================================================
Received Import Request.
  Time since last request: 6.118855 seconds.
  path: Assets/Prefab/Enemy/Roomba.prefab
  artifactKey: Guid(e4934c04992c8b143a5835adef45037a) Importer(815301076,1909f56bfc062723c751e8b465ee728b)
Start importing Assets/Prefab/Enemy/Roomba.prefab using Guid(e4934c04992c8b143a5835adef45037a) Importer(815301076,1909f56bfc062723c751e8b465ee728b)  -> (artifact id: 'cd384bacf5b940178405668827b6296d') in 0.067551 seconds
  Import took 0.162877 seconds .

========================================================================
Received Import Request.
  Time since last request: 5.330934 seconds.
  path: Assets/Prefab/Enemy/Roomba.prefab
  artifactKey: Guid(e4934c04992c8b143a5835adef45037a) Importer(815301076,1909f56bfc062723c751e8b465ee728b)
Start importing Assets/Prefab/Enemy/Roomba.prefab using Guid(e4934c04992c8b143a5835adef45037a) Importer(815301076,1909f56bfc062723c751e8b465ee728b)  -> (artifact id: 'db1c02074dc0c9cbf1fb58f12d87c74b') in 0.165935 seconds
  Import took 0.320573 seconds .

========================================================================
Received Import Request.
  Time since last request: 20.263907 seconds.
  path: Assets/Prefab/Enemy/Turret.prefab
  artifactKey: Guid(ead60187cda6741479ea090576538efe) Importer(815301076,1909f56bfc062723c751e8b465ee728b)
Start importing Assets/Prefab/Enemy/Turret.prefab using Guid(ead60187cda6741479ea090576538efe) Importer(815301076,1909f56bfc062723c751e8b465ee728b)  -> (artifact id: '5222e6edf2f5b5b832c79e7120187794') in 0.161189 seconds
  Import took 0.195560 seconds .

========================================================================
Received Import Request.
  Time since last request: 0.018811 seconds.
  path: Assets/Prefab/Enemy/Turret.prefab
  artifactKey: Guid(ead60187cda6741479ea090576538efe) Importer(815301076,1909f56bfc062723c751e8b465ee728b)
Start importing Assets/Prefab/Enemy/Turret.prefab using Guid(ead60187cda6741479ea090576538efe) Importer(815301076,1909f56bfc062723c751e8b465ee728b)  -> (artifact id: '5222e6edf2f5b5b832c79e7120187794') in 0.230511 seconds
  Import took 0.305050 seconds .

========================================================================
Received Import Request.
  Time since last request: 7.442393 seconds.
  path: Assets/Prefab/Enemy/Turret.prefab
  artifactKey: Guid(ead60187cda6741479ea090576538efe) Importer(815301076,1909f56bfc062723c751e8b465ee728b)
Start importing Assets/Prefab/Enemy/Turret.prefab using Guid(ead60187cda6741479ea090576538efe) Importer(815301076,1909f56bfc062723c751e8b465ee728b)  -> (artifact id: '498048e0aca0981969ad565be90cc0c0') in 0.539254 seconds
  Import took 0.659539 seconds .

========================================================================
Received Import Request.
  Time since last request: 7.304796 seconds.
  path: Assets/Prefab/Enemy/Turret.prefab
  artifactKey: Guid(ead60187cda6741479ea090576538efe) Importer(815301076,1909f56bfc062723c751e8b465ee728b)
Start importing Assets/Prefab/Enemy/Turret.prefab using Guid(ead60187cda6741479ea090576538efe) Importer(815301076,1909f56bfc062723c751e8b465ee728b)  -> (artifact id: '3830de2174351c44c103ca69d0fadb9e') in 0.097051 seconds
  Import took 0.186251 seconds .

========================================================================
Received Import Request.
  Time since last request: 6.604776 seconds.
  path: Assets/Prefab/Bullets/EnemyBullet.prefab
  artifactKey: Guid(1dd13eb74df32b248ad80e6651c60fe2) Importer(815301076,1909f56bfc062723c751e8b465ee728b)
Start importing Assets/Prefab/Bullets/EnemyBullet.prefab using Guid(1dd13eb74df32b248ad80e6651c60fe2) Importer(815301076,1909f56bfc062723c751e8b465ee728b)  -> (artifact id: '72ed5431153019d0dc0a8cecf0a8997a') in 0.062645 seconds
  Import took 0.070601 seconds .

========================================================================
Received Import Request.
  Time since last request: 0.000365 seconds.
  path: Assets/Prefab/Bullets/projetil.prefab
  artifactKey: Guid(a14e9a96735728349b05d97eeaeb2707) Importer(815301076,1909f56bfc062723c751e8b465ee728b)
Start importing Assets/Prefab/Bullets/projetil.prefab using Guid(a14e9a96735728349b05d97eeaeb2707) Importer(815301076,1909f56bfc062723c751e8b465ee728b)  -> (artifact id: 'a680d350411694bb12123384a4c31348') in 0.169109 seconds
  Import took 0.205116 seconds .

========================================================================
Received Import Request.
  Time since last request: 4.930288 seconds.
  path: Assets/Prefab/Bullets/EnemyBullet.prefab
  artifactKey: Guid(1dd13eb74df32b248ad80e6651c60fe2) Importer(815301076,1909f56bfc062723c751e8b465ee728b)
Start importing Assets/Prefab/Bullets/EnemyBullet.prefab using Guid(1dd13eb74df32b248ad80e6651c60fe2) Importer(815301076,1909f56bfc062723c751e8b465ee728b)  -> (artifact id: '691d129f46a442dd8f678c26f0a96b41') in 0.190104 seconds
  Import took 0.260655 seconds .

========================================================================
Received Import Request.
  Time since last request: 2.760076 seconds.
  path: Assets/Prefab/Bullets/projetil.prefab
  artifactKey: Guid(a14e9a96735728349b05d97eeaeb2707) Importer(815301076,1909f56bfc062723c751e8b465ee728b)
Start importing Assets/Prefab/Bullets/projetil.prefab using Guid(a14e9a96735728349b05d97eeaeb2707) Importer(815301076,1909f56bfc062723c751e8b465ee728b)  -> (artifact id: '49807eb33004b11712885008dab3aae5') in 0.090547 seconds
  Import took 0.270142 seconds .

========================================================================
Received Import Request.
  Time since last request: 2.272707 seconds.
  path: Assets/Prefab/levelObj/Obj1.prefab
  artifactKey: Guid(a46624d152a34a94bb99fba09ad267dc) Importer(815301076,1909f56bfc062723c751e8b465ee728b)
Start importing Assets/Prefab/levelObj/Obj1.prefab using Guid(a46624d152a34a94bb99fba09ad267dc) Importer(815301076,1909f56bfc062723c751e8b465ee728b)  -> (artifact id: '1c8c07c54b6d33beb2a738e1f05e2092') in 0.100942 seconds
  Import took 0.126730 seconds .

========================================================================
Received Import Request.
  Time since last request: 0.000362 seconds.
  path: Assets/Prefab/levelObj/Obj2.prefab
  artifactKey: Guid(80608604df6fc3140b5bd70feed389bc) Importer(815301076,1909f56bfc062723c751e8b465ee728b)
Start importing Assets/Prefab/levelObj/Obj2.prefab using Guid(80608604df6fc3140b5bd70feed389bc) Importer(815301076,1909f56bfc062723c751e8b465ee728b)  -> (artifact id: '87485df912ff502a60d06e2372c3c014') in 0.152852 seconds
  Import took 0.166740 seconds .

========================================================================
Received Import Request.
  Time since last request: 0.000609 seconds.
  path: Assets/Prefab/levelObj/Obj7.prefab
  artifactKey: Guid(269a653c14881ae4fad701cdb58c44aa) Importer(815301076,1909f56bfc062723c751e8b465ee728b)
Start importing Assets/Prefab/levelObj/Obj7.prefab using Guid(269a653c14881ae4fad701cdb58c44aa) Importer(815301076,1909f56bfc062723c751e8b465ee728b)  -> (artifact id: '74d7fa3c814a2c4130f981dbb964f890') in 0.183147 seconds
  Import took 0.336477 seconds .

========================================================================
Received Import Request.
  Time since last request: 0.000482 seconds.
  path: Assets/Prefab/levelObj/Obj5.prefab
  artifactKey: Guid(7dc82c95400724247b69c72c0e17eb31) Importer(815301076,1909f56bfc062723c751e8b465ee728b)
Start importing Assets/Prefab/levelObj/Obj5.prefab using Guid(7dc82c95400724247b69c72c0e17eb31) Importer(815301076,1909f56bfc062723c751e8b465ee728b)  -> (artifact id: '62bb932d5637acbedd522a4e7e2af624') in 0.214409 seconds
  Import took 0.335526 seconds .

========================================================================
Received Import Request.
  Time since last request: 0.000534 seconds.
  path: Assets/Prefab/levelObj/Obj8.prefab
  artifactKey: Guid(949bd80a20dc9d247afee51e71b7b5e0) Importer(815301076,1909f56bfc062723c751e8b465ee728b)
Start importing Assets/Prefab/levelObj/Obj8.prefab using Guid(949bd80a20dc9d247afee51e71b7b5e0) Importer(815301076,1909f56bfc062723c751e8b465ee728b)  -> (artifact id: '1fc1316733985f67611805e2dd1529a5') in 0.154506 seconds
  Import took 0.175074 seconds .

========================================================================
Received Prepare
Registering precompiled user dll's ...
Registered in 0.032888 seconds.
Begin MonoManager ReloadAssembly
Native extension for WindowsStandalone target not found
Refreshing native plugins compatible for Editor in 2.75 ms, found 1 plugins.
Preloading 0 native plugins for Editor in 0.00 ms.
Mono: successfully reloaded assembly
- Completed reload, in 15.093 seconds
Platform modules already initialized, skipping
Switching build target platform(5) subTarget(0) extendedPlatform(0) -> platform(13) subTarget(537395200) extendedPlatform(0)
Refreshing native plugins compatible for Editor in 1.60 ms, found 1 plugins.
Preloading 0 native plugins for Editor in 0.00 ms.
Unloading 2113 Unused Serialized files (Serialized files now loaded: 0)
System memory in use before: 98.2 MB.
System memory in use after: 98.3 MB.

Unloading 24 unused Assets to reduce memory usage. Loaded Objects now: 2580.
Total: 13.292900 ms (FindLiveObjects: 1.501200 ms CreateObjectMapping: 3.711800 ms MarkObjects: 8.018100 ms  DeleteObjects: 0.058500 ms)

AssetImportParameters requested are different than current active one (requested -> active):
  custom:graphics/normal-map-encoding: 01000000000000000000000000000000 -> 02000000000000000000000000000000
========================================================================
Received Import Request.
  Time since last request: 98.242425 seconds.
  path: Assets/Prefab/levelObj/Obj2.prefab
  artifactKey: Guid(80608604df6fc3140b5bd70feed389bc) Importer(815301076,1909f56bfc062723c751e8b465ee728b)
Start importing Assets/Prefab/levelObj/Obj2.prefab using Guid(80608604df6fc3140b5bd70feed389bc) Importer(815301076,1909f56bfc062723c751e8b465ee728b)  -> (artifact id: '7df5616cc9011ffb203b998906549944') in 0.487981 seconds
  Import took 0.519904 seconds .

========================================================================
Received Import Request.
  Time since last request: 0.000412 seconds.
  path: Assets/Prefab/levelObj/Obj3.prefab
  artifactKey: Guid(d69928ed80434024b85f2d3560383092) Importer(815301076,1909f56bfc062723c751e8b465ee728b)
Start importing Assets/Prefab/levelObj/Obj3.prefab using Guid(d69928ed80434024b85f2d3560383092) Importer(815301076,1909f56bfc062723c751e8b465ee728b)  -> (artifact id: '2be15438bc95e0d2c5fecfee063b02e8') in 0.018052 seconds
  Import took 0.044635 seconds .

========================================================================
Received Import Request.
  Time since last request: 0.000707 seconds.
  path: Assets/Prefab/levelObj/Obj1.prefab
  artifactKey: Guid(a46624d152a34a94bb99fba09ad267dc) Importer(815301076,1909f56bfc062723c751e8b465ee728b)
Start importing Assets/Prefab/levelObj/Obj1.prefab using Guid(a46624d152a34a94bb99fba09ad267dc) Importer(815301076,1909f56bfc062723c751e8b465ee728b)  -> (artifact id: '1041447a0f0464ee33ad2dc43e623723') in 0.191023 seconds
  Import took 0.221198 seconds .

========================================================================
Received Import Request.
  Time since last request: 0.000654 seconds.
  path: Assets/Prefab/levelObj/Obj4.prefab
  artifactKey: Guid(4384ceb18efaa4d4d99f896090588f07) Importer(815301076,1909f56bfc062723c751e8b465ee728b)
Start importing Assets/Prefab/levelObj/Obj4.prefab using Guid(4384ceb18efaa4d4d99f896090588f07) Importer(815301076,1909f56bfc062723c751e8b465ee728b)  -> (artifact id: '0b6f03261863fdc490e33b3b82743290') in 0.028652 seconds
  Import took 0.071337 seconds .

========================================================================
Received Import Request.
  Time since last request: 189.400655 seconds.
  path: Assets/Prefab/levelObj/Obj5.prefab
  artifactKey: Guid(7dc82c95400724247b69c72c0e17eb31) Importer(815301076,1909f56bfc062723c751e8b465ee728b)
Start importing Assets/Prefab/levelObj/Obj5.prefab using Guid(7dc82c95400724247b69c72c0e17eb31) Importer(815301076,1909f56bfc062723c751e8b465ee728b)  -> (artifact id: '6758bad22da848c5a892355a7cb94093') in 0.162132 seconds
  Import took 0.210976 seconds .

========================================================================
Received Import Request.
  Time since last request: 7.195839 seconds.
  path: Assets/Prefab/levelObj/Obj6.prefab
  artifactKey: Guid(30733ea58809f204295cc476ef33ed43) Importer(815301076,1909f56bfc062723c751e8b465ee728b)
Start importing Assets/Prefab/levelObj/Obj6.prefab using Guid(30733ea58809f204295cc476ef33ed43) Importer(815301076,1909f56bfc062723c751e8b465ee728b)  -> (artifact id: '3376ed63d2fbe09e842f8e0dd4df5bec') in 0.193644 seconds
  Import took 0.368801 seconds .

========================================================================
Received Import Request.
  Time since last request: 7.908771 seconds.
  path: Assets/Prefab/levelObj/Obj7.prefab
  artifactKey: Guid(269a653c14881ae4fad701cdb58c44aa) Importer(815301076,1909f56bfc062723c751e8b465ee728b)
Start importing Assets/Prefab/levelObj/Obj7.prefab using Guid(269a653c14881ae4fad701cdb58c44aa) Importer(815301076,1909f56bfc062723c751e8b465ee728b)  -> (artifact id: '6faf3a3ca0d6287ba048456379c0e6cb') in 0.082846 seconds
  Import took 0.123549 seconds .

========================================================================
Received Import Request.
  Time since last request: 7.841085 seconds.
  path: Assets/Prefab/levelObj/Obj8.prefab
  artifactKey: Guid(949bd80a20dc9d247afee51e71b7b5e0) Importer(815301076,1909f56bfc062723c751e8b465ee728b)
Start importing Assets/Prefab/levelObj/Obj8.prefab using Guid(949bd80a20dc9d247afee51e71b7b5e0) Importer(815301076,1909f56bfc062723c751e8b465ee728b)  -> (artifact id: '6d3d6eeb8c84f68fabf95de1ec8c032e') in 0.379165 seconds
  Import took 0.438364 seconds .

========================================================================
Received Prepare
Registering precompiled user dll's ...
Registered in 0.004704 seconds.
Begin MonoManager ReloadAssembly
Native extension for WindowsStandalone target not found
Refreshing native plugins compatible for Editor in 8.01 ms, found 1 plugins.
Preloading 0 native plugins for Editor in 0.00 ms.
Mono: successfully reloaded assembly
- Completed reload, in 60.963 seconds
Platform modules already initialized, skipping
Switching build target platform(5) subTarget(0) extendedPlatform(0) -> platform(13) subTarget(537395200) extendedPlatform(0)
Refreshing native plugins compatible for Editor in 1.55 ms, found 1 plugins.
Preloading 0 native plugins for Editor in 0.00 ms.
Unloading 2113 Unused Serialized files (Serialized files now loaded: 0)
System memory in use before: 98.3 MB.
System memory in use after: 98.4 MB.

Unloading 23 unused Assets to reduce memory usage. Loaded Objects now: 2585.
Total: 4.890200 ms (FindLiveObjects: 0.415500 ms CreateObjectMapping: 0.144400 ms MarkObjects: 4.270400 ms  DeleteObjects: 0.057300 ms)

AssetImportParameters requested are different than current active one (requested -> active):
  custom:graphics/normal-map-encoding: 01000000000000000000000000000000 -> 02000000000000000000000000000000
========================================================================
Received Prepare
Registering precompiled user dll's ...
Registered in 0.008818 seconds.
Begin MonoManager ReloadAssembly
Native extension for WindowsStandalone target not found
Refreshing native plugins compatible for Editor in 2.07 ms, found 1 plugins.
Preloading 0 native plugins for Editor in 0.00 ms.
Mono: successfully reloaded assembly
- Completed reload, in  9.295 seconds
Platform modules already initialized, skipping
Switching build target platform(5) subTarget(0) extendedPlatform(0) -> platform(13) subTarget(537395200) extendedPlatform(0)
Refreshing native plugins compatible for Editor in 1.39 ms, found 1 plugins.
Preloading 0 native plugins for Editor in 0.00 ms.
Unloading 2113 Unused Serialized files (Serialized files now loaded: 0)
System memory in use before: 98.3 MB.
System memory in use after: 98.4 MB.

Unloading 21 unused Assets to reduce memory usage. Loaded Objects now: 2589.
Total: 8.184000 ms (FindLiveObjects: 0.360700 ms CreateObjectMapping: 0.162600 ms MarkObjects: 7.622800 ms  DeleteObjects: 0.035600 ms)

AssetImportParameters requested are different than current active one (requested -> active):
  custom:graphics/normal-map-encoding: 01000000000000000000000000000000 -> 02000000000000000000000000000000
========================================================================
Received Import Request.
  Time since last request: 222.693002 seconds.
  path: Assets/Prefab/Player.prefab
  artifactKey: Guid(3bf421195c5945840812853a988d85b9) Importer(815301076,1909f56bfc062723c751e8b465ee728b)
Start importing Assets/Prefab/Player.prefab using Guid(3bf421195c5945840812853a988d85b9) Importer(815301076,1909f56bfc062723c751e8b465ee728b)  -> (artifact id: 'f4a36d27f8796552380c662c6bbcb20c') in 0.542561 seconds
  Import took 0.582918 seconds .

========================================================================
Received Import Request.
  Time since last request: 2.992574 seconds.
  path: Assets/Prefab/levelObj
  artifactKey: Guid(c6d2e9b97567d3847be31448e39fffee) Importer(815301076,1909f56bfc062723c751e8b465ee728b)
Start importing Assets/Prefab/levelObj using Guid(c6d2e9b97567d3847be31448e39fffee) Importer(815301076,1909f56bfc062723c751e8b465ee728b)  -> (artifact id: '3f7583b5cd419ea6923a2ea132c74310') in 0.024111 seconds
  Import took 0.039622 seconds .

========================================================================
Received Import Request.
  Time since last request: 27.921283 seconds.
  path: Assets/Scripts/Player
  artifactKey: Guid(15139a25cd7067441a753a0ccc19cc88) Importer(815301076,1909f56bfc062723c751e8b465ee728b)
Start importing Assets/Scripts/Player using Guid(15139a25cd7067441a753a0ccc19cc88) Importer(815301076,1909f56bfc062723c751e8b465ee728b)  -> (artifact id: '9f953100d0ffbc65d5f33e80f0c5d8d7') in 0.033677 seconds
  Import took 0.077333 seconds .

========================================================================
Received Import Request.
  Time since last request: 3.483828 seconds.
  path: Assets/Scripts/Player/PlayerSkills.cs
  artifactKey: Guid(3fc01f47edff92b4b88d746882a5cb79) Importer(815301076,1909f56bfc062723c751e8b465ee728b)
Start importing Assets/Scripts/Player/PlayerSkills.cs using Guid(3fc01f47edff92b4b88d746882a5cb79) Importer(815301076,1909f56bfc062723c751e8b465ee728b)  -> (artifact id: '21067b16e85c52ea2392cc008db51201') in 0.165900 seconds
  Import took 0.369183 seconds .

========================================================================
Received Import Request.
  Time since last request: 1883.102126 seconds.
  path: Assets/Scripts/Player/PlayerSkills.cs
  artifactKey: Guid(3fc01f47edff92b4b88d746882a5cb79) Importer(815301076,1909f56bfc062723c751e8b465ee728b)
Start importing Assets/Scripts/Player/PlayerSkills.cs using Guid(3fc01f47edff92b4b88d746882a5cb79) Importer(815301076,1909f56bfc062723c751e8b465ee728b)  -> (artifact id: 'b7bec05dfe3b0a2a21d08fbedf6ad527') in 0.021469 seconds
  Import took 0.033000 seconds .

========================================================================
Received Prepare
Registering precompiled user dll's ...
Registered in 0.131058 seconds.
Begin MonoManager ReloadAssembly
Native extension for WindowsStandalone target not found
Refreshing native plugins compatible for Editor in 2.25 ms, found 1 plugins.
Preloading 0 native plugins for Editor in 0.00 ms.
Mono: successfully reloaded assembly
- Completed reload, in  4.172 seconds
Platform modules already initialized, skipping
Switching build target platform(5) subTarget(0) extendedPlatform(0) -> platform(13) subTarget(537395200) extendedPlatform(0)
Refreshing native plugins compatible for Editor in 2.16 ms, found 1 plugins.
Preloading 0 native plugins for Editor in 0.00 ms.
Unloading 2113 Unused Serialized files (Serialized files now loaded: 0)
System memory in use before: 98.3 MB.
System memory in use after: 98.4 MB.

Unloading 21 unused Assets to reduce memory usage. Loaded Objects now: 2594.
Total: 15.878900 ms (FindLiveObjects: 0.768200 ms CreateObjectMapping: 0.161600 ms MarkObjects: 14.900700 ms  DeleteObjects: 0.045600 ms)

AssetImportParameters requested are different than current active one (requested -> active):
  custom:graphics/normal-map-encoding: 01000000000000000000000000000000 -> 02000000000000000000000000000000
========================================================================
Received Prepare
Registering precompiled user dll's ...
Registered in 0.167727 seconds.
Begin MonoManager ReloadAssembly
Native extension for WindowsStandalone target not found
Refreshing native plugins compatible for Editor in 7.60 ms, found 1 plugins.
Preloading 0 native plugins for Editor in 0.00 ms.
Mono: successfully reloaded assembly
- Completed reload, in 177.413 seconds
Platform modules already initialized, skipping
Switching build target platform(5) subTarget(0) extendedPlatform(0) -> platform(13) subTarget(537395200) extendedPlatform(0)
Refreshing native plugins compatible for Editor in 19.66 ms, found 1 plugins.
Preloading 0 native plugins for Editor in 0.00 ms.
Unloading 2113 Unused Serialized files (Serialized files now loaded: 0)
System memory in use before: 98.3 MB.
System memory in use after: 98.4 MB.

Unloading 21 unused Assets to reduce memory usage. Loaded Objects now: 2598.
Total: 21.970700 ms (FindLiveObjects: 0.461000 ms CreateObjectMapping: 2.668200 ms MarkObjects: 18.797400 ms  DeleteObjects: 0.042100 ms)

AssetImportParameters requested are different than current active one (requested -> active):
  custom:graphics/normal-map-encoding: 01000000000000000000000000000000 -> 02000000000000000000000000000000
